<?xml version="1.0" encoding="UTF-8"?>
<testng-results skipped="2" failed="0" total="3" passed="1">
  <reporter-output>
  </reporter-output>
  <suite name="Default suite" duration-ms="22531" started-at="2020-03-13T16:01:33Z" finished-at="2020-03-13T16:01:55Z">
    <groups>
    </groups>
    <test name="Default test" duration-ms="22531" started-at="2020-03-13T16:01:33Z" finished-at="2020-03-13T16:01:55Z">
      <class name="automationpage.dataprovider">
        <test-method status="PASS" signature="launch()[pri:0, instance:automationpage.dataprovider@387c703b]" name="launch" is-config="true" duration-ms="11965" started-at="2020-03-13T21:31:33Z" finished-at="2020-03-13T21:31:45Z">
          <reporter-output>
          </reporter-output>
        </test-method> <!-- launch -->
        <test-method status="PASS" signature="verifylogin(java.lang.String, java.lang.String)[pri:0, instance:automationpage.dataprovider@387c703b]" name="verifylogin" duration-ms="4318" started-at="2020-03-13T21:31:45Z" data-provider="login" finished-at="2020-03-13T21:31:49Z">
          <params>
            <param index="0">
              <value>
                <![CDATA[Admin]]>
              </value>
            </param>
            <param index="1">
              <value>
                <![CDATA[admin123]]>
              </value>
            </param>
          </params>
          <reporter-output>
          </reporter-output>
        </test-method> <!-- verifylogin -->
        <test-method status="FAIL" signature="launch()[pri:0, instance:automationpage.dataprovider@387c703b]" name="launch" is-config="true" duration-ms="0" started-at="2020-03-13T21:31:49Z" finished-at="2020-03-13T21:31:49Z">
          <exception class="org.openqa.selenium.WebDriverException">
            <message>
              <![CDATA[unknown error: cannot determine loading status
from disconnected: received Inspector.detached event
  (Session info: chrome=80.0.3987.132)
Build info: version: '3.141.59', revision: 'e82be7d358', time: '2018-11-14T08:25:53'
System info: host: 'LENOVO', ip: '192.168.247.1', os.name: 'Windows 10', os.arch: 'amd64', os.version: '10.0', java.version: '1.8.0_231'
Driver info: org.openqa.selenium.chrome.ChromeDriver
Capabilities {acceptInsecureCerts: false, browserName: chrome, browserVersion: 80.0.3987.132, chrome: {chromedriverVersion: 80.0.3987.16 (320f6526c1632..., userDataDir: C:\Users\ELCOT\AppData\Loca...}, goog:chromeOptions: {debuggerAddress: localhost:60086}, javascriptEnabled: true, networkConnectionEnabled: false, pageLoadStrategy: normal, platform: WINDOWS, platformName: WINDOWS, proxy: Proxy(), setWindowRect: true, strictFileInteractability: false, timeouts: {implicit: 0, pageLoad: 300000, script: 30000}, unhandledPromptBehavior: dismiss and notify}
Session ID: 1fa50cea1628508114d203dd217be7bc]]>
            </message>
            <full-stacktrace>
              <![CDATA[org.openqa.selenium.WebDriverException: unknown error: cannot determine loading status
from disconnected: received Inspector.detached event
  (Session info: chrome=80.0.3987.132)
Build info: version: '3.141.59', revision: 'e82be7d358', time: '2018-11-14T08:25:53'
System info: host: 'LENOVO', ip: '192.168.247.1', os.name: 'Windows 10', os.arch: 'amd64', os.version: '10.0', java.version: '1.8.0_231'
Driver info: org.openqa.selenium.chrome.ChromeDriver
Capabilities {acceptInsecureCerts: false, browserName: chrome, browserVersion: 80.0.3987.132, chrome: {chromedriverVersion: 80.0.3987.16 (320f6526c1632..., userDataDir: C:\Users\ELCOT\AppData\Loca...}, goog:chromeOptions: {debuggerAddress: localhost:60086}, javascriptEnabled: true, networkConnectionEnabled: false, pageLoadStrategy: normal, platform: WINDOWS, platformName: WINDOWS, proxy: Proxy(), setWindowRect: true, strictFileInteractability: false, timeouts: {implicit: 0, pageLoad: 300000, script: 30000}, unhandledPromptBehavior: dismiss and notify}
Session ID: 1fa50cea1628508114d203dd217be7bc
	at sun.reflect.NativeConstructorAccessorImpl.newInstance0(Native Method)
	at sun.reflect.NativeConstructorAccessorImpl.newInstance(Unknown Source)
	at sun.reflect.DelegatingConstructorAccessorImpl.newInstance(Unknown Source)
	at java.lang.reflect.Constructor.newInstance(Unknown Source)
	at org.openqa.selenium.remote.http.W3CHttpResponseCodec.createException(W3CHttpResponseCodec.java:187)
	at org.openqa.selenium.remote.http.W3CHttpResponseCodec.decode(W3CHttpResponseCodec.java:122)
	at org.openqa.selenium.remote.http.W3CHttpResponseCodec.decode(W3CHttpResponseCodec.java:49)
	at org.openqa.selenium.remote.HttpCommandExecutor.execute(HttpCommandExecutor.java:158)
	at org.openqa.selenium.remote.service.DriverCommandExecutor.execute(DriverCommandExecutor.java:83)
	at org.openqa.selenium.remote.RemoteWebDriver.execute(RemoteWebDriver.java:552)
	at org.openqa.selenium.remote.RemoteWebDriver.get(RemoteWebDriver.java:277)
	at automationpage.dataprovider.launch(dataprovider.java:18)
	at sun.reflect.NativeMethodAccessorImpl.invoke0(Native Method)
	at sun.reflect.NativeMethodAccessorImpl.invoke(Unknown Source)
	at sun.reflect.DelegatingMethodAccessorImpl.invoke(Unknown Source)
	at java.lang.reflect.Method.invoke(Unknown Source)
	at org.testng.internal.MethodInvocationHelper.invokeMethod(MethodInvocationHelper.java:85)
	at org.testng.internal.Invoker.invokeConfigurationMethod(Invoker.java:521)
	at org.testng.internal.Invoker.invokeConfigurations(Invoker.java:213)
	at org.testng.internal.Invoker.invokeMethod(Invoker.java:605)
	at org.testng.internal.Invoker.invokeTestMethod(Invoker.java:849)
	at org.testng.internal.Invoker.invokeTestMethods(Invoker.java:1157)
	at org.testng.internal.TestMethodWorker.invokeTestMethods(TestMethodWorker.java:124)
	at org.testng.internal.TestMethodWorker.run(TestMethodWorker.java:108)
	at org.testng.TestRunner.privateRun(TestRunner.java:771)
	at org.testng.TestRunner.run(TestRunner.java:621)
	at org.testng.SuiteRunner.runTest(SuiteRunner.java:357)
	at org.testng.SuiteRunner.runSequentially(SuiteRunner.java:352)
	at org.testng.SuiteRunner.privateRun(SuiteRunner.java:310)
	at org.testng.SuiteRunner.run(SuiteRunner.java:259)
	at org.testng.SuiteRunnerWorker.runSuite(SuiteRunnerWorker.java:52)
	at org.testng.SuiteRunnerWorker.run(SuiteRunnerWorker.java:86)
	at org.testng.TestNG.runSuitesSequentially(TestNG.java:1200)
	at org.testng.TestNG.runSuitesLocally(TestNG.java:1125)
	at org.testng.TestNG.run(TestNG.java:1033)
	at org.testng.remote.RemoteTestNG.run(RemoteTestNG.java:111)
	at org.testng.remote.RemoteTestNG.initAndRun(RemoteTestNG.java:204)
	at org.testng.remote.RemoteTestNG.main(RemoteTestNG.java:175)
]]>
            </full-stacktrace>
          </exception> <!-- org.openqa.selenium.WebDriverException -->
          <reporter-output>
          </reporter-output>
        </test-method> <!-- launch -->
        <test-method status="SKIP" signature="verifylogin(java.lang.String, java.lang.String)[pri:0, instance:automationpage.dataprovider@387c703b]" name="verifylogin" duration-ms="7" started-at="2020-03-13T21:31:55Z" data-provider="login" finished-at="2020-03-13T21:31:55Z">
          <params>
            <param index="0">
              <value>
                <![CDATA[Admin]]>
              </value>
            </param>
            <param index="1">
              <value>
                <![CDATA[admin123]]>
              </value>
            </param>
          </params>
          <reporter-output>
          </reporter-output>
        </test-method> <!-- verifylogin -->
        <test-method status="SKIP" signature="launch()[pri:0, instance:automationpage.dataprovider@387c703b]" name="launch" is-config="true" duration-ms="0" started-at="2020-03-13T21:31:55Z" finished-at="2020-03-13T21:31:55Z">
          <reporter-output>
          </reporter-output>
        </test-method> <!-- launch -->
        <test-method status="SKIP" signature="verifylogin(java.lang.String, java.lang.String)[pri:0, instance:automationpage.dataprovider@387c703b]" name="verifylogin" duration-ms="6" started-at="2020-03-13T21:31:55Z" data-provider="login" finished-at="2020-03-13T21:31:55Z">
          <params>
            <param index="0">
              <value>
                <![CDATA[Admin]]>
              </value>
            </param>
            <param index="1">
              <value>
                <![CDATA[admin123]]>
              </value>
            </param>
          </params>
          <reporter-output>
          </reporter-output>
        </test-method> <!-- verifylogin -->
      </class> <!-- automationpage.dataprovider -->
    </test> <!-- Default test -->
  </suite> <!-- Default suite -->
</testng-results>
